[2026-07-12T00:45:58.045Z] Starting Website Cloner Pro {"targetUrl":"https://qr.saudibusiness.gov.sa/viewcr?nCrNumber=hRIJploeH/4NpVaSGt5M4Q==","outDir":"E:\\Pusiness\\react-cloner-pro-v3\\react-cloner\\output","maxPages":100}
[2026-07-12T00:46:01.093Z] Crawling page {"url":"https://qr.saudibusiness.gov.sa/viewcr?nCrNumber=hRIJploeH/4NpVaSGt5M4Q==","depth":0}
[2026-07-12T00:46:02.304Z] Saved file {"file":"js/config/root/env.root_q_1772371391979-index.js","bytes":2116}
[2026-07-12T00:46:02.316Z] Byte-identical JS verified {"file":"js/config/root/env.root_q_1772371391979-index.js","url":"https://qr.saudibusiness.gov.sa/config/root/env.root.js?1772371391979","ok":true,"bytes":2116,"sourceSha256":"db67be2e76a1353b7e7753459ab6a75aba7f0c036a7579bfa5e0d7d948c92cd4","savedSha256":"db67be2e76a1353b7e7753459ab6a75aba7f0c036a7579bfa5e0d7d948c92cd4"}
[2026-07-12T00:46:02.595Z] Saved file {"file":"js/env_q_1772371391979-index.js","bytes":511}
[2026-07-12T00:46:02.598Z] Byte-identical JS verified {"file":"js/env_q_1772371391979-index.js","url":"https://qr.saudibusiness.gov.sa/env.js?1772371391979","ok":true,"bytes":511,"sourceSha256":"aa157c33c36f4645e4b85a5689c120a8a5a17fee96f78900d2f22dce225d24bd","savedSha256":"aa157c33c36f4645e4b85a5689c120a8a5a17fee96f78900d2f22dce225d24bd"}
[2026-07-12T00:46:02.761Z] Saved file {"file":"css/assets/index-QVNIwH8F.css","bytes":63679}
[2026-07-12T00:46:05.244Z] Auto scrolling page
[2026-07-12T00:46:05.329Z] Saved file {"file":"js/assets/index-CzTOOSTm.js","bytes":1409172}
[2026-07-12T00:46:05.353Z] Byte-identical JS verified {"file":"js/assets/index-CzTOOSTm.js","url":"https://qr.saudibusiness.gov.sa/assets/index-CzTOOSTm.js","ok":true,"bytes":1409172,"sourceSha256":"4abaa3984a67e1f2e38cac3060d7d5cbf4c7e7c7672ea54e0b64744dc41507f6","savedSha256":"4abaa3984a67e1f2e38cac3060d7d5cbf4c7e7c7672ea54e0b64744dc41507f6"}
[2026-07-12T00:46:06.020Z] Saved file {"file":"assets/new-logo-w-Bsa-bGtT.svg","bytes":65557}
[2026-07-12T00:46:06.084Z] Expanding interactive content
[2026-07-12T00:46:06.112Z] Interaction pass complete {"pass":1,"clicked":0}
[2026-07-12T00:46:06.356Z] Saved file {"file":"assets/DINNextLTArabic-Medium-C5X_7zdr.woff2","bytes":46332}
[2026-07-12T00:46:06.477Z] Saved file {"file":"assets/DINNextLTArabic-Regular-DYtxlCll.woff2","bytes":46320}
[2026-07-12T00:46:06.505Z] Saved file {"file":"assets/sdaiaLogo-DA2sR2Cc.svg","bytes":315416}
[2026-07-12T00:46:06.641Z] Saved file {"file":"assets/header-web-DisaZgHs.jpg","bytes":409846}
[2026-07-12T00:46:06.785Z] Saved file {"file":"assets/DINNextLTArabic-Bold-D6gNGPOf.woff2","bytes":46076}
[2026-07-12T00:46:07.026Z] Saved file {"file":"api/sbc/externalgw/qrapi-nl/api/app/Qr/GetCrDetails_q_mcEncryptedCrNumber-hRIJploeH_4NpVaSGt5M4Q.json","bytes":6210}
[2026-07-12T00:46:07.102Z] Auto scrolling page
[2026-07-12T00:46:08.758Z] ERROR Request failed {"url":"https://qr.saudibusiness.gov.sa/assets/header-mobile-Bri6g_KO.jpg","method":"GET","type":"image","failure":{"errorText":"net::ERR_ABORTED"}}
[2026-07-12T00:46:08.858Z] Saved file {"file":"js/config/root/env.root_q_1772371391979-index.js","bytes":2116}
[2026-07-12T00:46:08.864Z] Byte-identical JS verified {"file":"js/config/root/env.root_q_1772371391979-index.js","url":"https://qr.saudibusiness.gov.sa/config/root/env.root.js?1772371391979","ok":true,"bytes":2116,"sourceSha256":"db67be2e76a1353b7e7753459ab6a75aba7f0c036a7579bfa5e0d7d948c92cd4","savedSha256":"db67be2e76a1353b7e7753459ab6a75aba7f0c036a7579bfa5e0d7d948c92cd4"}
[2026-07-12T00:46:08.898Z] Saved file {"file":"js/env_q_1772371391979-index.js","bytes":511}
[2026-07-12T00:46:08.902Z] Byte-identical JS verified {"file":"js/env_q_1772371391979-index.js","url":"https://qr.saudibusiness.gov.sa/env.js?1772371391979","ok":true,"bytes":511,"sourceSha256":"aa157c33c36f4645e4b85a5689c120a8a5a17fee96f78900d2f22dce225d24bd","savedSha256":"aa157c33c36f4645e4b85a5689c120a8a5a17fee96f78900d2f22dce225d24bd"}
[2026-07-12T00:46:08.994Z] Saved file {"file":"js/assets/index-CzTOOSTm.js","bytes":1409172}
[2026-07-12T00:46:09.010Z] Byte-identical JS verified {"file":"js/assets/index-CzTOOSTm.js","url":"https://qr.saudibusiness.gov.sa/assets/index-CzTOOSTm.js","ok":true,"bytes":1409172,"sourceSha256":"4abaa3984a67e1f2e38cac3060d7d5cbf4c7e7c7672ea54e0b64744dc41507f6","savedSha256":"4abaa3984a67e1f2e38cac3060d7d5cbf4c7e7c7672ea54e0b64744dc41507f6"}
[2026-07-12T00:46:09.799Z] Saved file {"file":"assets/header-mobile-Bri6g_KO.jpg","bytes":117166}
[2026-07-12T00:46:10.265Z] Auto scrolling page
[2026-07-12T00:46:11.087Z] Expanding interactive content
[2026-07-12T00:46:11.202Z] Interaction pass complete {"pass":1,"clicked":0}
[2026-07-12T00:46:12.146Z] Auto scrolling page
[2026-07-12T00:46:14.225Z] Saved file {"file":"images/root/assets/icons/fav.svg","bytes":2833}
[2026-07-12T00:46:14.235Z] Saved file {"file":"css/assets/index-QVNIwH8F.css","bytes":71106}
[2026-07-12T00:46:14.242Z] Saved file {"file":"-nCrNumber-hRIJploeH_4NpVaSGt5M4Q-/index.html","bytes":56916}
[2026-07-12T00:46:14.275Z] Saved file {"file":"viewcr/index.html","bytes":56888}
[2026-07-12T00:46:14.303Z] Saved file {"file":"index.html","bytes":56854}
[2026-07-12T00:46:14.320Z] Saved file {"file":"clone-report.html","bytes":2030}
[2026-07-12T00:46:14.361Z] Export verification passed
[2026-07-12T00:46:14.497Z] Clone complete {"outDir":"E:\\Pusiness\\react-cloner-pro-v3\\react-cloner\\output","pages":1,"files":17}
